<?xml version="1.0" encoding="UTF-8"?>
<testsuite xmlns:xsi="http://www.w3.org/2001/XMLSchema-instance" xsi:noNamespaceSchemaLocation="https://maven.apache.org/surefire/maven-surefire-plugin/xsd/surefire-test-report.xsd" name="org.andreych.workcalendar.utils.CommaSeparatedListConverterTest" time="0.003" tests="5" errors="0" skipped="0" failures="0">
  <properties>
[...]
</properties>
  <testcase name="shouldSplitString" classname="org.andreych.workcalendar.utils.CommaSeparatedListConverterTest" time="0.002"/>
  <testcase name="shouldProcessWhitespaceString" classname="org.andreych.workcalendar.utils.CommaSeparatedListConverterTest" time="0.001"/>
  <testcase name="shouldProcessSingleElementString" classname="org.andreych.workcalendar.utils.CommaSeparatedListConverterTest" time="0"/>
  <testcase name="shouldProcessEmptyString" classname="org.andreych.workcalendar.utils.CommaSeparatedListConverterTest" time="0"/>
  <testcase name="shouldReturnEmptyListOnNull" classname="org.andreych.workcalendar.utils.CommaSeparatedListConverterTest" time="0"/>
</testsuite>